Practice5/camera/build/intermediates/manifest_merge_blame_file/debug/manifest-merger-blame-debug-report.txt
1<?xml version="1.0" encoding="utf-8"?>
2<manifest xmlns:android="http://schemas.android.com/apk/res/android"
3    package="com.example.camera"
4    android:versionCode="1"
5    android:versionName="1.0" >
6
7    <uses-sdk
8        android:minSdkVersion="21"
8-->src/main/AndroidManifest.xml
9        android:targetSdkVersion="30" />
9-->src/main/AndroidManifest.xml
10
11    <uses-permission android:name="android.permission.CAMERA" />
11-->src/main/AndroidManifest.xml:4:5-65
11-->src/main/AndroidManifest.xml:4:22-62
12    <uses-permission android:name="android.permission.WRITE_EXTERNAL_STORAGE" />
12-->src/main/AndroidManifest.xml:5:5-81
12-->src/main/AndroidManifest.xml:5:22-78
13
14    <application
14-->src/main/AndroidManifest.xml:7:5-31:19
15        android:allowBackup="true"
15-->src/main/AndroidManifest.xml:8:9-35
16        android:appComponentFactory="androidx.core.app.CoreComponentFactory"
16-->[androidx.core:core:1.5.0] AndroidManifest.xml:24:18-86
17        android:debuggable="true"
18        android:icon="@mipmap/ic_launcher"
18-->src/main/AndroidManifest.xml:9:9-43
19        android:label="@string/app_name"
19-->src/main/AndroidManifest.xml:10:9-41
20        android:roundIcon="@mipmap/ic_launcher_round"
20-->src/main/AndroidManifest.xml:11:9-54
21        android:supportsRtl="true"
21-->src/main/AndroidManifest.xml:12:9-35
22        android:theme="@style/Theme.Practice5" >
22-->src/main/AndroidManifest.xml:13:9-47
23        <provider
23-->src/main/AndroidManifest.xml:14:9-22:20
24            android:name="androidx.core.content.FileProvider"
24-->src/main/AndroidManifest.xml:15:13-62
25            android:authorities="com.example.camera.FileProvider"
25-->src/main/AndroidManifest.xml:16:13-66
26            android:exported="false"
26-->src/main/AndroidManifest.xml:17:13-37
27            android:grantUriPermissions="true" >
27-->src/main/AndroidManifest.xml:18:13-47
28            <meta-data
28-->src/main/AndroidManifest.xml:19:13-21:53
29                android:name="android.support.FILE_PROVIDER_PATHS"
29-->src/main/AndroidManifest.xml:20:17-67
30                android:resource="@xml/filepaths" />
30-->src/main/AndroidManifest.xml:21:17-50
31        </provider>
32
33        <activity android:name="com.example.camera.MainActivity" >
33-->src/main/AndroidManifest.xml:24:9-30:20
33-->src/main/AndroidManifest.xml:24:19-47
34            <intent-filter>
34-->src/main/AndroidManifest.xml:25:13-29:29
35                <action android:name="android.intent.action.MAIN" />
35-->src/main/AndroidManifest.xml:26:17-69
35-->src/main/AndroidManifest.xml:26:25-66
36
37                <category android:name="android.intent.category.LAUNCHER" />
37-->src/main/AndroidManifest.xml:28:17-77
37-->src/main/AndroidManifest.xml:28:27-74
38            </intent-filter>
39        </activity>
40    </application>
41
42</manifest>